<?xml version="1.0" encoding="UTF-8"?>
<testsuite name="com.example.qr_dasher.UserUnitTest" tests="4" skipped="0" failures="0" errors="0" timestamp="2024-04-08T20:56:11" hostname="LAPTOP-186O23V3" time="0.002">
  <properties/>
  <testcase name="testAddEventsJoined" classname="com.example.qr_dasher.UserUnitTest" time="0.001"/>
  <testcase name="testAddEventsCreated" classname="com.example.qr_dasher.UserUnitTest" time="0.0"/>
  <testcase name="testConstructorAndGetters" classname="com.example.qr_dasher.UserUnitTest" time="0.001"/>
  <testcase name="testSetters" classname="com.example.qr_dasher.UserUnitTest" time="0.0"/>
  <system-out><![CDATA[]]></system-out>
  <system-err><![CDATA[]]></system-err>
</testsuite>
