<?xml version="1.0" encoding="UTF-8"?>
<testsuite name="com.example.qr_dasher.EventUnitTest" tests="9" skipped="0" failures="0" errors="0" timestamp="2024-04-08T21:04:57" hostname="LAPTOP-186O23V3" time="0.006">
  <properties/>
  <testcase name="testAddNullAttendee" classname="com.example.qr_dasher.EventUnitTest" time="0.001"/>
  <testcase name="testAddAttendee" classname="com.example.qr_dasher.EventUnitTest" time="0.0"/>
  <testcase name="testConstructorAndGetters" classname="com.example.qr_dasher.EventUnitTest" time="0.0"/>
  <testcase name="testRemoveNonExistentAttendee" classname="com.example.qr_dasher.EventUnitTest" time="0.0"/>
  <testcase name="testRemoveUserFromEvent" classname="com.example.qr_dasher.EventUnitTest" time="0.0"/>
  <testcase name="testAddDuplicateAttendee" classname="com.example.qr_dasher.EventUnitTest" time="0.0"/>
  <testcase name="testAddAttendeeSignup" classname="com.example.qr_dasher.EventUnitTest" time="0.0"/>
  <testcase name="testSetters" classname="com.example.qr_dasher.EventUnitTest" time="0.001"/>
  <testcase name="testRemoveAttendee" classname="com.example.qr_dasher.EventUnitTest" time="0.0"/>
  <system-out><![CDATA[]]></system-out>
  <system-err><![CDATA[]]></system-err>
</testsuite>
