<?xml version="1.0" encoding="UTF-8"?>
<testsuite name="com.example.qr_dasher.QRCodeUnitTest" tests="1" skipped="0" failures="0" errors="0" timestamp="2024-04-08T20:56:11" hostname="LAPTOP-186O23V3" time="0.003">
  <properties/>
  <testcase name="testGettersAndSetters" classname="com.example.qr_dasher.QRCodeUnitTest" time="0.003"/>
  <system-out><![CDATA[]]></system-out>
  <system-err><![CDATA[]]></system-err>
</testsuite>
