<?xml version="1.0" encoding="UTF-8"?>
<testsuite name="com.example.qr_dasher.UserTest" tests="1" skipped="0" failures="0" errors="0" timestamp="2024-04-08T08:35:19" hostname="LAPTOP-186O23V3" time="0.004">
  <properties/>
  <testcase name="testConstructorAndGetters" classname="com.example.qr_dasher.UserTest" time="0.004"/>
  <system-out><![CDATA[]]></system-out>
  <system-err><![CDATA[]]></system-err>
</testsuite>
