<?xml version='1.0' encoding='UTF-8' ?>
<testsuite name="com.example.qr_dasher.profileIntentTests" tests="1" failures="0" errors="0" skipped="0" time="13.783" timestamp="2024-04-08T19:49:33" hostname="localhost">
  <properties>
    <property name="device" value="Pixel_6_API_34(AVD) - 14" />
    <property name="flavor" value="" />
    <property name="project" value=":app" />
  </properties>
  <testcase name="GuestToUserSwitch" classname="com.example.qr_dasher.profileIntentTests" time="11.638" />
</testsuite>