<?xml version='1.0' encoding='UTF-8' ?>
<testsuite name="com.example.qr_dasher.adminViewIntentTest" tests="1" failures="0" errors="0" skipped="0" time="20.324" timestamp="2024-04-08T21:42:59" hostname="localhost">
  <properties>
    <property name="device" value="emulator-5554 - 14" />
    <property name="flavor" value="" />
    <property name="project" value=":app" />
  </properties>
  <testcase name="loginAsAnAdmin" classname="com.example.qr_dasher.adminViewIntentTest" time="16.784" />
</testsuite>