<?xml version='1.0' encoding='UTF-8' ?>
<testsuite name="com.example.qr_dasher.ExampleInstrumentedTest" tests="4" failures="3" errors="0" skipped="0" time="29.616" timestamp="2024-04-08T19:36:58" hostname="localhost">
  <properties>
    <property name="device" value="Pixel_6_API_34(AVD) - 14" />
    <property name="flavor" value="" />
    <property name="project" value=":app" />
  </properties>
  <testcase name="useAppContext" classname="com.example.qr_dasher.ExampleInstrumentedTest" time="0.03" />
  <testcase name="joinEvent" classname="com.example.qr_dasher.eventIntentTests" time="13.846">
    <failure>androidx.test.espresso.NoMatchingViewException: No views in hierarchy found matching: view.getId() is &lt;2131231107/com.example.qr_dasher:id/name_edit&gt;

View Hierarchy:
+&gt;DecorView{id=-1, visibility=VISIBLE, width=1080, height=2400, has-focus=false, has-focusable=true, has-window-focus=true, is-clickable=false, is-enabled=true, is-focused=false, is-focusable=false, is-layout-requested=false, is-selected=false, layout-params={(0,0)(fillxfill) ty=BASE_APPLICATION wanim=0x10302fe
fl=LAYOUT_IN_SCREEN LAYOUT_INSET_DECOR SPLIT_TOUCH HARDWARE_ACCELERATED DRAWS_SYSTEM_BAR_BACKGROUNDS
pfl=NO_MOVE_ANIMATION FORCE_DRAW_STATUS_BAR_BACKGROUND FIT_INSETS_CONTROLLED
bhv=DEFAULT
fitSides=}, tag=null, root-is-layout-requested=false, has-input-connection=false, x=0.0, y=0.0, child-count=1}
|
+-&gt;LinearLayout{id=-1, visibility=VISIBLE, width=1080, height=2337, has-focus=false, has-focusable=true, has-window-focus=true, is-clickable=false, is-enabled=true, is-focused=false, is-focusable=false, is-layout-requested=false, is-selected=false, layout-params=android.widget.FrameLayout$LayoutParams&#64;YYYYYY, tag=null, root-is-layout-requested=false, has-input-connection=false, x=0.0, y=0.0, child-count=2}
|
+--&gt;ViewStub{id=16908746, res-name=action_mode_bar_stub, visibility=GONE, width=0, height=0, has-focus=false, has-focusable=false, has-window-focus=true, is-clickable=false, is-enabled=true, is-focused=false, is-focusable=false, is-layout-requested=true, is-selected=false, layout-params=android.widget.LinearLayout$LayoutParams&#64;YYYYYY, tag=null, root-is-layout-requested=false, has-input-connection=false, x=0.0, y=0.0}
|
+--&gt;FrameLayout{id=-1, visibility=VISIBLE, width=1080, height=2209, has-focus=false, has-focusable=true, has-window-focus=true, is-clickable=false, is-enabled=true, is-focused=false, is-focusable=false, is-layout-requested=false, is-selected=false, layout-params=android.widget.LinearLayout$LayoutParams&#64;YYYYYY, tag=null, root-is-layout-requested=false, has-input-connection=false, x=0.0, y=128.0, child-count=1}
|
+---&gt;FitWindowsLinearLayout{id=2131230780, res-name=action_bar_root, visibility=VISIBLE, width=1080, height=2209, has-focus=false, has-focusable=true, has-window-focus=true, is-clickable=false, is-enabled=true, is-focused=false, is-focusable=false, is-layout-requested=false, is-selected=false, layout-params=android.widget.FrameLayout$LayoutParams&#64;YYYYYY, tag=null, root-is-layout-requested=false, has-input-connection=false, x=0.0, y=0.0, child-count=2}
|
+----&gt;ViewStubCompat{id=2131230791, res-name=action_mode_bar_stub, visibility=GONE, width=0, height=0, has-focus=false, has-focusable=false, has-window-focus=true, is-clickable=false, is-enabled=true, is-focused=false, is-focusable=false, is-layout-requested=true, is-selected=false, layout-params=android.widget.LinearLayout$LayoutParams&#64;YYYYYY, tag=null, root-is-layout-requested=false, has-input-connection=false, x=0.0, y=0.0}
|
+----&gt;ContentFrameLayout{id=16908290, res-name=content, visibility=VISIBLE, width=1080, height=2209, has-focus=false, has-focusable=true, has-window-focus=true, is-clickable=false, is-enabled=true, is-focused=false, is-focusable=false, is-layout-requested=false, is-selected=false, layout-params=android.widget.LinearLayout$LayoutParams&#64;YYYYYY, tag=null, root-is-layout-requested=false, has-input-connection=false, x=0.0, y=0.0, child-count=1}
|
+-----&gt;LinearLayout{id=-1, visibility=VISIBLE, width=1080, height=2209, has-focus=false, has-focusable=true, has-window-focus=true, is-clickable=false, is-enabled=true, is-focused=false, is-focusable=false, is-layout-requested=false, is-selected=false, layout-params=android.widget.FrameLayout$LayoutParams&#64;YYYYYY, tag=null, root-is-layout-requested=false, has-input-connection=false, x=0.0, y=0.0, child-count=4}
|
+------&gt;MaterialTextView{id=-1, visibility=VISIBLE, width=628, height=106, has-focus=false, has-focusable=false, has-window-focus=true, is-clickable=false, is-enabled=true, is-focused=false, is-focusable=false, is-layout-requested=false, is-selected=false, layout-params=android.widget.LinearLayout$LayoutParams&#64;YYYYYY, tag=null, root-is-layout-requested=false, has-input-connection=false, x=226.0, y=770.0, text=Choose your Role, input-type=0, ime-target=false, has-links=false}
|
+------&gt;MaterialButton{id=2131231152, res-name=organizer_button, visibility=VISIBLE, width=438, height=126, has-focus=false, has-focusable=true, has-window-focus=true, is-clickable=true, is-enabled=true, is-focused=false, is-focusable=true, is-layout-requested=false, is-selected=false, layout-params=android.widget.LinearLayout$LayoutParams&#64;YYYYYY, tag=null, root-is-layout-requested=false, has-input-connection=false, x=321.0, y=955.0, text=Organizer, input-type=0, ime-target=false, has-links=false, is-checked=false}
|
+------&gt;MaterialButton{id=2131230821, res-name=attendee_button, visibility=VISIBLE, width=438, height=126, has-focus=false, has-focusable=true, has-window-focus=true, is-clickable=true, is-enabled=true, is-focused=false, is-focusable=true, is-layout-requested=false, is-selected=false, layout-params=android.widget.LinearLayout$LayoutParams&#64;YYYYYY, tag=null, root-is-layout-requested=false, has-input-connection=false, x=321.0, y=1134.0, text=Attendee, input-type=0, ime-target=false, has-links=false, is-checked=false}
|
+------&gt;MaterialButton{id=2131230800, res-name=admin_button, visibility=VISIBLE, width=438, height=126, has-focus=false, has-focusable=true, has-window-focus=true, is-clickable=true, is-enabled=true, is-focused=false, is-focusable=true, is-layout-requested=false, is-selected=false, layout-params=android.widget.LinearLayout$LayoutParams&#64;YYYYYY, tag=null, root-is-layout-requested=false, has-input-connection=false, x=321.0, y=1313.0, text=Admin, input-type=0, ime-target=false, has-links=false, is-checked=false}
at androidx.test.espresso.NoMatchingViewException$Builder.build(NoMatchingViewException.java:5)
at androidx.test.espresso.base.DefaultFailureHandler.lambda$getNoMatchingViewExceptionTruncater$0(DefaultFailureHandler.java:5)
at androidx.test.espresso.base.DefaultFailureHandler$$ExternalSyntheticLambda1.truncateExceptionMessage(Unknown Source:2)
at androidx.test.espresso.base.ViewHierarchyExceptionHandler.handleSafely(ViewHierarchyExceptionHandler.java:5)
at androidx.test.espresso.base.ViewHierarchyExceptionHandler.handleSafely(ViewHierarchyExceptionHandler.java:1)
at androidx.test.espresso.base.DefaultFailureHandler$TypedFailureHandler.handle(DefaultFailureHandler.java:4)
at androidx.test.espresso.base.DefaultFailureHandler.handle(DefaultFailureHandler.java:5)
at androidx.test.espresso.ViewInteraction.waitForAndHandleInteractionResults(ViewInteraction.java:8)
at androidx.test.espresso.ViewInteraction.desugaredPerform(ViewInteraction.java:11)
at androidx.test.espresso.ViewInteraction.perform(ViewInteraction.java:8)
at com.example.qr_dasher.eventIntentTests.createUserProfile(eventIntentTests.java:39)</failure>
  </testcase>
  <testcase name="createEvent" classname="com.example.qr_dasher.eventIntentTests" time="5.626">
    <failure>androidx.test.espresso.NoMatchingViewException: No views in hierarchy found matching: view.getId() is &lt;2131231107/com.example.qr_dasher:id/name_edit&gt;

View Hierarchy:
+&gt;DecorView{id=-1, visibility=VISIBLE, width=1080, height=2400, has-focus=false, has-focusable=true, has-window-focus=true, is-clickable=false, is-enabled=true, is-focused=false, is-focusable=false, is-layout-requested=false, is-selected=false, layout-params={(0,0)(fillxfill) ty=BASE_APPLICATION wanim=0x10302fe
fl=LAYOUT_IN_SCREEN LAYOUT_INSET_DECOR SPLIT_TOUCH HARDWARE_ACCELERATED DRAWS_SYSTEM_BAR_BACKGROUNDS
pfl=NO_MOVE_ANIMATION FORCE_DRAW_STATUS_BAR_BACKGROUND FIT_INSETS_CONTROLLED
bhv=DEFAULT
fitSides=}, tag=null, root-is-layout-requested=false, has-input-connection=false, x=0.0, y=0.0, child-count=1}
|
+-&gt;LinearLayout{id=-1, visibility=VISIBLE, width=1080, height=2337, has-focus=false, has-focusable=true, has-window-focus=true, is-clickable=false, is-enabled=true, is-focused=false, is-focusable=false, is-layout-requested=false, is-selected=false, layout-params=android.widget.FrameLayout$LayoutParams&#64;YYYYYY, tag=null, root-is-layout-requested=false, has-input-connection=false, x=0.0, y=0.0, child-count=2}
|
+--&gt;ViewStub{id=16908746, res-name=action_mode_bar_stub, visibility=GONE, width=0, height=0, has-focus=false, has-focusable=false, has-window-focus=true, is-clickable=false, is-enabled=true, is-focused=false, is-focusable=false, is-layout-requested=true, is-selected=false, layout-params=android.widget.LinearLayout$LayoutParams&#64;YYYYYY, tag=null, root-is-layout-requested=false, has-input-connection=false, x=0.0, y=0.0}
|
+--&gt;FrameLayout{id=-1, visibility=VISIBLE, width=1080, height=2209, has-focus=false, has-focusable=true, has-window-focus=true, is-clickable=false, is-enabled=true, is-focused=false, is-focusable=false, is-layout-requested=false, is-selected=false, layout-params=android.widget.LinearLayout$LayoutParams&#64;YYYYYY, tag=null, root-is-layout-requested=false, has-input-connection=false, x=0.0, y=128.0, child-count=1}
|
+---&gt;FitWindowsLinearLayout{id=2131230780, res-name=action_bar_root, visibility=VISIBLE, width=1080, height=2209, has-focus=false, has-focusable=true, has-window-focus=true, is-clickable=false, is-enabled=true, is-focused=false, is-focusable=false, is-layout-requested=false, is-selected=false, layout-params=android.widget.FrameLayout$LayoutParams&#64;YYYYYY, tag=null, root-is-layout-requested=false, has-input-connection=false, x=0.0, y=0.0, child-count=2}
|
+----&gt;ViewStubCompat{id=2131230791, res-name=action_mode_bar_stub, visibility=GONE, width=0, height=0, has-focus=false, has-focusable=false, has-window-focus=true, is-clickable=false, is-enabled=true, is-focused=false, is-focusable=false, is-layout-requested=true, is-selected=false, layout-params=android.widget.LinearLayout$LayoutParams&#64;YYYYYY, tag=null, root-is-layout-requested=false, has-input-connection=false, x=0.0, y=0.0}
|
+----&gt;ContentFrameLayout{id=16908290, res-name=content, visibility=VISIBLE, width=1080, height=2209, has-focus=false, has-focusable=true, has-window-focus=true, is-clickable=false, is-enabled=true, is-focused=false, is-focusable=false, is-layout-requested=false, is-selected=false, layout-params=android.widget.LinearLayout$LayoutParams&#64;YYYYYY, tag=null, root-is-layout-requested=false, has-input-connection=false, x=0.0, y=0.0, child-count=1}
|
+-----&gt;LinearLayout{id=-1, visibility=VISIBLE, width=1080, height=2209, has-focus=false, has-focusable=true, has-window-focus=true, is-clickable=false, is-enabled=true, is-focused=false, is-focusable=false, is-layout-requested=false, is-selected=false, layout-params=android.widget.FrameLayout$LayoutParams&#64;YYYYYY, tag=null, root-is-layout-requested=false, has-input-connection=false, x=0.0, y=0.0, child-count=4}
|
+------&gt;MaterialTextView{id=-1, visibility=VISIBLE, width=628, height=106, has-focus=false, has-focusable=false, has-window-focus=true, is-clickable=false, is-enabled=true, is-focused=false, is-focusable=false, is-layout-requested=false, is-selected=false, layout-params=android.widget.LinearLayout$LayoutParams&#64;YYYYYY, tag=null, root-is-layout-requested=false, has-input-connection=false, x=226.0, y=770.0, text=Choose your Role, input-type=0, ime-target=false, has-links=false}
|
+------&gt;MaterialButton{id=2131231152, res-name=organizer_button, visibility=VISIBLE, width=438, height=126, has-focus=false, has-focusable=true, has-window-focus=true, is-clickable=true, is-enabled=true, is-focused=false, is-focusable=true, is-layout-requested=false, is-selected=false, layout-params=android.widget.LinearLayout$LayoutParams&#64;YYYYYY, tag=null, root-is-layout-requested=false, has-input-connection=false, x=321.0, y=955.0, text=Organizer, input-type=0, ime-target=false, has-links=false, is-checked=false}
|
+------&gt;MaterialButton{id=2131230821, res-name=attendee_button, visibility=VISIBLE, width=438, height=126, has-focus=false, has-focusable=true, has-window-focus=true, is-clickable=true, is-enabled=true, is-focused=false, is-focusable=true, is-layout-requested=false, is-selected=false, layout-params=android.widget.LinearLayout$LayoutParams&#64;YYYYYY, tag=null, root-is-layout-requested=false, has-input-connection=false, x=321.0, y=1134.0, text=Attendee, input-type=0, ime-target=false, has-links=false, is-checked=false}
|
+------&gt;MaterialButton{id=2131230800, res-name=admin_button, visibility=VISIBLE, width=438, height=126, has-focus=false, has-focusable=true, has-window-focus=true, is-clickable=true, is-enabled=true, is-focused=false, is-focusable=true, is-layout-requested=false, is-selected=false, layout-params=android.widget.LinearLayout$LayoutParams&#64;YYYYYY, tag=null, root-is-layout-requested=false, has-input-connection=false, x=321.0, y=1313.0, text=Admin, input-type=0, ime-target=false, has-links=false, is-checked=false}
at androidx.test.espresso.NoMatchingViewException$Builder.build(NoMatchingViewException.java:5)
at androidx.test.espresso.base.DefaultFailureHandler.lambda$getNoMatchingViewExceptionTruncater$0(DefaultFailureHandler.java:5)
at androidx.test.espresso.base.DefaultFailureHandler$$ExternalSyntheticLambda1.truncateExceptionMessage(Unknown Source:2)
at androidx.test.espresso.base.ViewHierarchyExceptionHandler.handleSafely(ViewHierarchyExceptionHandler.java:5)
at androidx.test.espresso.base.ViewHierarchyExceptionHandler.handleSafely(ViewHierarchyExceptionHandler.java:1)
at androidx.test.espresso.base.DefaultFailureHandler$TypedFailureHandler.handle(DefaultFailureHandler.java:4)
at androidx.test.espresso.base.DefaultFailureHandler.handle(DefaultFailureHandler.java:5)
at androidx.test.espresso.ViewInteraction.waitForAndHandleInteractionResults(ViewInteraction.java:8)
at androidx.test.espresso.ViewInteraction.desugaredPerform(ViewInteraction.java:11)
at androidx.test.espresso.ViewInteraction.perform(ViewInteraction.java:8)
at com.example.qr_dasher.eventIntentTests.createUserProfile(eventIntentTests.java:39)</failure>
  </testcase>
  <testcase name="GuestToUserSwitch" classname="com.example.qr_dasher.profileIntentTests" time="2.526">
    <failure>androidx.test.espresso.NoMatchingViewException: No views in hierarchy found matching: view.getId() is &lt;2131231121/com.example.qr_dasher:id/next_button&gt;

View Hierarchy:
+&gt;DecorView{id=-1, visibility=VISIBLE, width=1080, height=2400, has-focus=false, has-focusable=true, has-window-focus=true, is-clickable=false, is-enabled=true, is-focused=false, is-focusable=false, is-layout-requested=false, is-selected=false, layout-params={(0,0)(fillxfill) ty=BASE_APPLICATION wanim=0x10302fe
fl=LAYOUT_IN_SCREEN LAYOUT_INSET_DECOR SPLIT_TOUCH HARDWARE_ACCELERATED DRAWS_SYSTEM_BAR_BACKGROUNDS
pfl=NO_MOVE_ANIMATION FORCE_DRAW_STATUS_BAR_BACKGROUND FIT_INSETS_CONTROLLED
bhv=DEFAULT
fitSides=}, tag=null, root-is-layout-requested=false, has-input-connection=false, x=0.0, y=0.0, child-count=1}
|
+-&gt;LinearLayout{id=-1, visibility=VISIBLE, width=1080, height=2337, has-focus=false, has-focusable=true, has-window-focus=true, is-clickable=false, is-enabled=true, is-focused=false, is-focusable=false, is-layout-requested=false, is-selected=false, layout-params=android.widget.FrameLayout$LayoutParams&#64;YYYYYY, tag=null, root-is-layout-requested=false, has-input-connection=false, x=0.0, y=0.0, child-count=2}
|
+--&gt;ViewStub{id=16908746, res-name=action_mode_bar_stub, visibility=GONE, width=0, height=0, has-focus=false, has-focusable=false, has-window-focus=true, is-clickable=false, is-enabled=true, is-focused=false, is-focusable=false, is-layout-requested=true, is-selected=false, layout-params=android.widget.LinearLayout$LayoutParams&#64;YYYYYY, tag=null, root-is-layout-requested=false, has-input-connection=false, x=0.0, y=0.0}
|
+--&gt;FrameLayout{id=-1, visibility=VISIBLE, width=1080, height=2209, has-focus=false, has-focusable=true, has-window-focus=true, is-clickable=false, is-enabled=true, is-focused=false, is-focusable=false, is-layout-requested=false, is-selected=false, layout-params=android.widget.LinearLayout$LayoutParams&#64;YYYYYY, tag=null, root-is-layout-requested=false, has-input-connection=false, x=0.0, y=128.0, child-count=1}
|
+---&gt;FitWindowsLinearLayout{id=2131230780, res-name=action_bar_root, visibility=VISIBLE, width=1080, height=2209, has-focus=false, has-focusable=true, has-window-focus=true, is-clickable=false, is-enabled=true, is-focused=false, is-focusable=false, is-layout-requested=false, is-selected=false, layout-params=android.widget.FrameLayout$LayoutParams&#64;YYYYYY, tag=null, root-is-layout-requested=false, has-input-connection=false, x=0.0, y=0.0, child-count=2}
|
+----&gt;ViewStubCompat{id=2131230791, res-name=action_mode_bar_stub, visibility=GONE, width=0, height=0, has-focus=false, has-focusable=false, has-window-focus=true, is-clickable=false, is-enabled=true, is-focused=false, is-focusable=false, is-layout-requested=true, is-selected=false, layout-params=android.widget.LinearLayout$LayoutParams&#64;YYYYYY, tag=null, root-is-layout-requested=false, has-input-connection=false, x=0.0, y=0.0}
|
+----&gt;ContentFrameLayout{id=16908290, res-name=content, visibility=VISIBLE, width=1080, height=2209, has-focus=false, has-focusable=true, has-window-focus=true, is-clickable=false, is-enabled=true, is-focused=false, is-focusable=false, is-layout-requested=false, is-selected=false, layout-params=android.widget.LinearLayout$LayoutParams&#64;YYYYYY, tag=null, root-is-layout-requested=false, has-input-connection=false, x=0.0, y=0.0, child-count=1}
|
+-----&gt;LinearLayout{id=-1, visibility=VISIBLE, width=1080, height=2209, has-focus=false, has-focusable=true, has-window-focus=true, is-clickable=false, is-enabled=true, is-focused=false, is-focusable=false, is-layout-requested=false, is-selected=false, layout-params=android.widget.FrameLayout$LayoutParams&#64;YYYYYY, tag=null, root-is-layout-requested=false, has-input-connection=false, x=0.0, y=0.0, child-count=4}
|
+------&gt;MaterialTextView{id=-1, visibility=VISIBLE, width=628, height=106, has-focus=false, has-focusable=false, has-window-focus=true, is-clickable=false, is-enabled=true, is-focused=false, is-focusable=false, is-layout-requested=false, is-selected=false, layout-params=android.widget.LinearLayout$LayoutParams&#64;YYYYYY, tag=null, root-is-layout-requested=false, has-input-connection=false, x=226.0, y=770.0, text=Choose your Role, input-type=0, ime-target=false, has-links=false}
|
+------&gt;MaterialButton{id=2131231152, res-name=organizer_button, visibility=VISIBLE, width=438, height=126, has-focus=false, has-focusable=true, has-window-focus=true, is-clickable=true, is-enabled=true, is-focused=false, is-focusable=true, is-layout-requested=false, is-selected=false, layout-params=android.widget.LinearLayout$LayoutParams&#64;YYYYYY, tag=null, root-is-layout-requested=false, has-input-connection=false, x=321.0, y=955.0, text=Organizer, input-type=0, ime-target=false, has-links=false, is-checked=false}
|
+------&gt;MaterialButton{id=2131230821, res-name=attendee_button, visibility=VISIBLE, width=438, height=126, has-focus=false, has-focusable=true, has-window-focus=true, is-clickable=true, is-enabled=true, is-focused=false, is-focusable=true, is-layout-requested=false, is-selected=false, layout-params=android.widget.LinearLayout$LayoutParams&#64;YYYYYY, tag=null, root-is-layout-requested=false, has-input-connection=false, x=321.0, y=1134.0, text=Attendee, input-type=0, ime-target=false, has-links=false, is-checked=false}
|
+------&gt;MaterialButton{id=2131230800, res-name=admin_button, visibility=VISIBLE, width=438, height=126, has-focus=false, has-focusable=true, has-window-focus=true, is-clickable=true, is-enabled=true, is-focused=false, is-focusable=true, is-layout-requested=false, is-selected=false, layout-params=android.widget.LinearLayout$LayoutParams&#64;YYYYYY, tag=null, root-is-layout-requested=false, has-input-connection=false, x=321.0, y=1313.0, text=Admin, input-type=0, ime-target=false, has-links=false, is-checked=false}
at androidx.test.espresso.NoMatchingViewException$Builder.build(NoMatchingViewException.java:5)
at androidx.test.espresso.base.DefaultFailureHandler.lambda$getNoMatchingViewExceptionTruncater$0(DefaultFailureHandler.java:5)
at androidx.test.espresso.base.DefaultFailureHandler$$ExternalSyntheticLambda1.truncateExceptionMessage(Unknown Source:2)
at androidx.test.espresso.base.ViewHierarchyExceptionHandler.handleSafely(ViewHierarchyExceptionHandler.java:5)
at androidx.test.espresso.base.ViewHierarchyExceptionHandler.handleSafely(ViewHierarchyExceptionHandler.java:1)
at androidx.test.espresso.base.DefaultFailureHandler$TypedFailureHandler.handle(DefaultFailureHandler.java:4)
at androidx.test.espresso.base.DefaultFailureHandler.handle(DefaultFailureHandler.java:5)
at androidx.test.espresso.ViewInteraction.waitForAndHandleInteractionResults(ViewInteraction.java:8)
at androidx.test.espresso.ViewInteraction.desugaredPerform(ViewInteraction.java:11)
at androidx.test.espresso.ViewInteraction.perform(ViewInteraction.java:8)
at com.example.qr_dasher.profileIntentTests.GuestToUserSwitch(profileIntentTests.java:43)</failure>
  </testcase>
</testsuite>